<?xml version="1.0" encoding="UTF-8"?>
<testsuite xmlns:xsi="http://www.w3.org/2001/XMLSchema-instance" xsi:noNamespaceSchemaLocation="https://maven.apache.org/surefire/maven-surefire-plugin/xsd/surefire-test-report-3.0.xsd" version="3.0" name="stepdefs.TestRunner" time="8.484" tests="1" errors="1" skipped="0" failures="0">
  <properties>
[...]
</properties>
  <testcase name="Verify 20% Cash Advance" classname="Feature: Discover Website" time="7.934">
    <error type="java.lang.NullPointerException"><![CDATA[java.lang.NullPointerException
]]></error>
    <system-out><![CDATA[Feature: Discover Website
  In order to validate Discover Website
  As a user
  I wish to verify the cash advance is greater than 20%

  @smoke
  Scenario: Verify 20% Cash Advance               &amp#27;[90m# src/test/resources/features/discover.feature:8&amp#27;[0m
    &amp#27;[32mGiven &amp#27;[0m&amp#27;[32mI navigate to discover website&amp#27;[0m          &amp#27;[90m# UIsteps.iNavigateToDiscoverWebsite()&amp#27;[0m
ChromeDriver: chrome on MAC (99bd65c1a47e35ca5c7cb539ca2754c4)
    &amp#27;[32mAnd &amp#27;[0m&amp#27;[32mI click on the Credit Cards Icon&amp#27;[0m          &amp#27;[90m# UIsteps.iClickOnTheCreditCardsIcon()&amp#27;[0m
    &amp#27;[31mAnd &amp#27;[0m&amp#27;[31mI click the apply now secured credit card&amp#27;[0m &amp#27;[90m# UIsteps.iClickTheApplyNowSecuredCreditCard()&amp#27;[0m
      &amp#27;[31mjava.lang.NullPointerException
	at stepdefs.UIsteps.iClickTheApplyNowSecuredCreditCard(UIsteps.java:74)
	at ✽.I click the apply now secured credit card(file:src/test/resources/features/discover.feature:11)
&amp#27;[0m
]]></system-out>
    <system-err><![CDATA[Feb 15, 2023 7:25:15 AM cucumber.runtime.java.ObjectFactoryLoader loadSingleObjectFactory
INFO: Loading ObjectFactory via service loader: io.cucumber.picocontainer.PicoFactory
SLF4J: Failed to load class "org.slf4j.impl.StaticLoggerBinder".
SLF4J: Defaulting to no-operation (NOP) logger implementation
SLF4J: See http://www.slf4j.org/codes.html#StaticLoggerBinder for further details.
Starting ChromeDriver 109.0.5414.74 (e7c5703604daa9cc128ccf5a5d3e993513758913-refs/branch-heads/5414@{#1172}) on port 32866
Only local connections are allowed.
Please see https://chromedriver.chromium.org/security-considerations for suggestions on keeping ChromeDriver safe.
ChromeDriver was started successfully.
[1676463918.972][WARNING]: This version of ChromeDriver has not been tested with Chrome version 110.
Feb 15, 2023 7:25:19 AM org.openqa.selenium.remote.ProtocolHandshake createSession
INFO: Detected dialect: W3C
]]></system-err>
  </testcase>
</testsuite>